Running Gradle task 'assembleRelease'...                        

FAILURE: Build failed with an exception.

* What went wrong:
Execution failed for task ':app:expandReleaseArtProfileWildcards'.
> A failure occurred while executing com.android.build.gradle.internal.tasks.ExpandArtProfileWildcardsTask$ExpandArtProfileWildcardsWorkAction
   > zip END header not found

* Try:
> Run with --stacktrace option to get the stack trace.
> Run with --info or --debug option to get more log output.
> Run with --scan to get full insights.
> Get more help at https://help.gradle.org.

BUILD FAILED in 20s
Running Gradle task 'assembleRelease'...                           20.5s
Gradle task assembleRelease failed with exit code 1
